# JRE version: OpenJDK Runtime Environment (8.0_292-b10) (build 1.8.0_292-b10)
# Java VM: OpenJDK 64-Bit Server VM (25.292-b10 mixed mode windows-amd64 compressed oops)
Heap:
 PSYoungGen      total 1340928K, used 101038K [0x000000076b180000, 0x00000007c0000000, 0x00000007c0000000)
  eden space 1290752K, 3% used [0x000000076b180000,0x000000076e3eb830,0x00000007b9e00000)
  from space 50176K, 98% used [0x00000007b9e00000,0x00000007bce40000,0x00000007bcf00000)
  to   space 50176K, 0% used [0x00000007bcf00000,0x00000007bcf00000,0x00000007c0000000)
 ParOldGen       total 175104K, used 98532K [0x00000006c1400000, 0x00000006cbf00000, 0x000000076b180000)
  object space 175104K, 56% used [0x00000006c1400000,0x00000006c74391a0,0x00000006cbf00000)
 Metaspace       used 16895K, capacity 17036K, committed 17152K, reserved 1064960K
  class space    used 1656K, capacity 1689K, committed 1792K, reserved 1048576K
GC Heap History (10 events):
Event: 166.336 GC heap before
{Heap before GC invocations=119 (full 0):
 PSYoungGen      total 1340928K, used 1340096K [0x000000076b180000, 0x00000007c0000000, 0x00000007c0000000)
  eden space 1290752K, 100% used [0x000000076b180000,0x00000007b9e00000,0x00000007b9e00000)
  from space 50176K, 98% used [0x00000007bcf00000,0x00000007bff30000,0x00000007c0000000)
  to   space 50176K, 0% used [0x00000007b9e00000,0x00000007b9e00000,0x00000007bcf00000)
 ParOldGen       total 175104K, used 98364K [0x00000006c1400000, 0x00000006cbf00000, 0x000000076b180000)
  object space 175104K, 56% used [0x00000006c1400000,0x00000006c740f1a0,0x00000006cbf00000)
 Metaspace       used 16895K, capacity 17036K, committed 17152K, reserved 1064960K
  class space    used 1656K, capacity 1689K, committed 1792K, reserved 1048576K
Event: 166.390 GC heap after
Heap after GC invocations=119 (full 0):
 PSYoungGen      total 1340928K, used 49429K [0x000000076b180000, 0x00000007c0000000, 0x00000007c0000000)
  eden space 1290752K, 0% used [0x000000076b180000,0x000000076b180000,0x00000007b9e00000)
  from space 50176K, 98% used [0x00000007b9e00000,0x00000007bce45490,0x00000007bcf00000)
  to   space 50176K, 0% used [0x00000007bcf00000,0x00000007bcf00000,0x00000007c0000000)
 ParOldGen       total 175104K, used 98404K [0x00000006c1400000, 0x00000006cbf00000, 0x000000076b180000)
  object space 175104K, 56% used [0x00000006c1400000,0x00000006c74191a0,0x00000006cbf00000)
 Metaspace       used 16895K, capacity 17036K, committed 17152K, reserved 1064960K
  class space    used 1656K, capacity 1689K, committed 1792K, reserved 1048576K
}
Event: 167.825 GC heap before
{Heap before GC invocations=120 (full 0):
 PSYoungGen      total 1340928K, used 1340181K [0x000000076b180000, 0x00000007c0000000, 0x00000007c0000000)
  eden space 1290752K, 100% used [0x000000076b180000,0x00000007b9e00000,0x00000007b9e00000)
  from space 50176K, 98% used [0x00000007b9e00000,0x00000007bce45490,0x00000007bcf00000)
  to   space 50176K, 0% used [0x00000007bcf00000,0x00000007bcf00000,0x00000007c0000000)
 ParOldGen       total 175104K, used 98404K [0x00000006c1400000, 0x00000006cbf00000, 0x000000076b180000)
  object space 175104K, 56% used [0x00000006c1400000,0x00000006c74191a0,0x00000006cbf00000)
 Metaspace       used 16895K, capacity 17036K, committed 17152K, reserved 1064960K
  class space    used 1656K, capacity 1689K, committed 1792K, reserved 1048576K
Event: 167.880 GC heap after
Heap after GC invocations=120 (full 0):
 PSYoungGen      total 1340928K, used 49408K [0x000000076b180000, 0x00000007c0000000, 0x00000007c0000000)
  eden space 1290752K, 0% used [0x000000076b180000,0x000000076b180000,0x00000007b9e00000)
  from space 50176K, 98% used [0x00000007bcf00000,0x00000007bff40000,0x00000007c0000000)
  to   space 50176K, 0% used [0x00000007b9e00000,0x00000007b9e00000,0x00000007bcf00000)
 ParOldGen       total 175104K, used 98436K [0x00000006c1400000, 0x00000006cbf00000, 0x000000076b180000)
  object space 175104K, 56% used [0x00000006c1400000,0x00000006c74211a0,0x00000006cbf00000)
 Metaspace       used 16895K, capacity 17036K, committed 17152K, reserved 1064960K
  class space    used 1656K, capacity 1689K, committed 1792K, reserved 1048576K
}
Event: 169.305 GC heap before
{Heap before GC invocations=121 (full 0):
 PSYoungGen      total 1340928K, used 1340160K [0x000000076b180000, 0x00000007c0000000, 0x00000007c0000000)
  eden space 1290752K, 100% used [0x000000076b180000,0x00000007b9e00000,0x00000007b9e00000)
  from space 50176K, 98% used [0x00000007bcf00000,0x00000007bff40000,0x00000007c0000000)
  to   space 50176K, 0% used [0x00000007b9e00000,0x00000007b9e00000,0x00000007bcf00000)
 ParOldGen       total 175104K, used 98436K [0x00000006c1400000, 0x00000006cbf00000, 0x000000076b180000)
  object space 175104K, 56% used [0x00000006c1400000,0x00000006c74211a0,0x00000006cbf00000)
 Metaspace       used 16895K, capacity 17036K, committed 17152K, reserved 1064960K
  class space    used 1656K, capacity 1689K, committed 1792K, reserved 1048576K
Event: 169.370 GC heap after
Heap after GC invocations=121 (full 0):
 PSYoungGen      total 1340928K, used 49408K [0x000000076b180000, 0x00000007c0000000, 0x00000007c0000000)
  eden space 1290752K, 0% used [0x000000076b180000,0x000000076b180000,0x00000007b9e00000)
  from space 50176K, 98% used [0x00000007b9e00000,0x00000007bce40000,0x00000007bcf00000)
  to   space 50176K, 0% used [0x00000007bcf00000,0x00000007bcf00000,0x00000007c0000000)
 ParOldGen       total 175104K, used 98468K [0x00000006c1400000, 0x00000006cbf00000, 0x000000076b180000)
  object space 175104K, 56% used [0x00000006c1400000,0x00000006c74291a0,0x00000006cbf00000)
 Metaspace       used 16895K, capacity 17036K, committed 17152K, reserved 1064960K
  class space    used 1656K, capacity 1689K, committed 1792K, reserved 1048576K
}
Event: 170.806 GC heap before
{Heap before GC invocations=122 (full 0):
 PSYoungGen      total 1340928K, used 1340160K [0x000000076b180000, 0x00000007c0000000, 0x00000007c0000000)
  eden space 1290752K, 100% used [0x000000076b180000,0x00000007b9e00000,0x00000007b9e00000)
  from space 50176K, 98% used [0x00000007b9e00000,0x00000007bce40000,0x00000007bcf00000)
  to   space 50176K, 0% used [0x00000007bcf00000,0x00000007bcf00000,0x00000007c0000000)
 ParOldGen       total 175104K, used 98468K [0x00000006c1400000, 0x00000006cbf00000, 0x000000076b180000)
  object space 175104K, 56% used [0x00000006c1400000,0x00000006c74291a0,0x00000006cbf00000)
 Metaspace       used 16895K, capacity 17036K, committed 17152K, reserved 1064960K
  class space    used 1656K, capacity 1689K, committed 1792K, reserved 1048576K
Event: 170.863 GC heap after
Heap after GC invocations=122 (full 0):
 PSYoungGen      total 1340928K, used 49429K [0x000000076b180000, 0x00000007c0000000, 0x00000007c0000000)
  eden space 1290752K, 0% used [0x000000076b180000,0x000000076b180000,0x00000007b9e00000)
  from space 50176K, 98% used [0x00000007bcf00000,0x00000007bff45490,0x00000007c0000000)
  to   space 50176K, 0% used [0x00000007b9e00000,0x00000007b9e00000,0x00000007bcf00000)
 ParOldGen       total 175104K, used 98508K [0x00000006c1400000, 0x00000006cbf00000, 0x000000076b180000)
  object space 175104K, 56% used [0x00000006c1400000,0x00000006c74331a0,0x00000006cbf00000)
 Metaspace       used 16895K, capacity 17036K, committed 17152K, reserved 1064960K
  class space    used 1656K, capacity 1689K, committed 1792K, reserved 1048576K
}
Event: 172.274 GC heap before
{Heap before GC invocations=123 (full 0):
 PSYoungGen      total 1340928K, used 1340181K [0x000000076b180000, 0x00000007c0000000, 0x00000007c0000000)
  eden space 1290752K, 100% used [0x000000076b180000,0x00000007b9e00000,0x00000007b9e00000)
  from space 50176K, 98% used [0x00000007bcf00000,0x00000007bff45490,0x00000007c0000000)
  to   space 50176K, 0% used [0x00000007b9e00000,0x00000007b9e00000,0x00000007bcf00000)
 ParOldGen       total 175104K, used 98508K [0x00000006c1400000, 0x00000006cbf00000, 0x000000076b180000)
  object space 175104K, 56% used [0x00000006c1400000,0x00000006c74331a0,0x00000006cbf00000)
 Metaspace       used 16895K, capacity 17036K, committed 17152K, reserved 1064960K
  class space    used 1656K, capacity 1689K, committed 1792K, reserved 1048576K
Event: 172.328 GC heap after
Heap after GC invocations=123 (full 0):
 PSYoungGen      total 1340928K, used 49408K [0x000000076b180000, 0x00000007c0000000, 0x00000007c0000000)
  eden space 1290752K, 0% used [0x000000076b180000,0x000000076b180000,0x00000007b9e00000)
  from space 50176K, 98% used [0x00000007b9e00000,0x00000007bce40000,0x00000007bcf00000)
  to   space 50176K, 0% used [0x00000007bcf00000,0x00000007bcf00000,0x00000007c0000000)
 ParOldGen       total 175104K, used 98532K [0x00000006c1400000, 0x00000006cbf00000, 0x000000076b180000)
  object space 175104K, 56% used [0x00000006c1400000,0x00000006c74391a0,0x00000006cbf00000)
 Metaspace       used 16895K, capacity 17036K, committed 17152K, reserved 1064960K
  class space    used 1656K, capacity 1689K, committed 1792K, reserved 1048576K
}

